TN:
SF:index.ts
FNF:1
FNH:1
DA:1,28
DA:2,32
DA:3,28
DA:4,29
DA:5,29
DA:6,27
DA:7,30
DA:8,31
DA:9,31
DA:10,28
DA:11,28
DA:12,32
DA:13,26
DA:14,29
DA:15,29
DA:16,27
DA:17,27
DA:18,27
DA:19,26
DA:20,29
LF:21
LH:20
end_of_record
TN:
SF:src/array.ts
FNF:5
FNH:3
DA:1,37
DA:3,35
DA:4,54
DA:5,21
DA:8,14
DA:9,25
DA:12,16
DA:13,45
DA:16,0
DA:17,0
DA:18,0
DA:19,0
DA:20,1
DA:23,0
LF:26
LH:9
end_of_record
TN:
SF:src/clipboard.ts
FNF:1
FNH:0
DA:1,0
DA:2,0
DA:3,0
DA:4,0
LF:7
LH:0
end_of_record
TN:
SF:src/color.ts
FNF:14
FNH:14
DA:1,73
DA:10,34
DA:12,173
DA:15,75
DA:16,37
DA:18,60
DA:20,90
DA:22,65
DA:23,94
DA:24,94
DA:25,94
DA:26,107
DA:27,87
DA:28,5
DA:30,61
DA:31,56
DA:33,80
DA:34,80
DA:35,80
DA:36,125
DA:38,149
DA:39,55
DA:41,99
DA:46,48
DA:47,49
DA:48,21
DA:50,19
DA:51,119
DA:53,161
DA:56,42
DA:57,56
DA:58,22
DA:60,82
DA:61,43
DA:62,64
DA:63,132
DA:64,130
DA:67,65
DA:70,42
DA:71,56
DA:72,22
DA:74,82
DA:75,43
DA:76,64
DA:77,132
DA:78,70
DA:81,54
DA:84,73
DA:85,206
DA:88,72
DA:89,76
DA:90,76
DA:92,90
DA:93,90
DA:94,90
DA:96,58
DA:99,153
DA:100,30
DA:101,57
DA:102,104
DA:103,5
DA:105,72
DA:106,130
DA:108,51
DA:113,42
DA:114,49
DA:115,18
DA:117,22
DA:118,22
DA:119,22
DA:121,64
DA:122,64
DA:123,24
DA:124,24
DA:125,56
DA:127,43
DA:128,48
DA:129,112
DA:131,39
DA:132,71
DA:133,49
DA:134,47
DA:135,67
DA:137,18
DA:138,5
DA:140,143
DA:149,1
DA:151,55
DA:152,30
DA:153,30
DA:154,30
DA:155,44
DA:161,42
DA:162,53
DA:163,86
DA:164,79
DA:165,9
DA:167,53
DA:168,69
DA:169,70
DA:170,81
DA:171,7
DA:173,35
DA:174,42
DA:175,9
DA:177,53
DA:178,42
DA:180,69
DA:181,54
DA:182,2
DA:183,15
DA:184,43
DA:187,84
DA:189,79
DA:190,5
DA:192,39
DA:203,26
DA:204,51
DA:205,28
DA:206,74
DA:207,15
DA:208,56
DA:209,28
DA:210,90
DA:211,15
DA:212,64
DA:213,28
DA:214,90
DA:215,15
DA:216,75
DA:218,42
DA:221,2
LF:222
LH:132
end_of_record
TN:
SF:src/colors.ts
FNF:8
FNH:2
DA:2,41
DA:14,14
DA:15,14
DA:16,21
DA:18,19
DA:19,16
DA:20,16
DA:21,15
DA:22,18
DA:23,21
DA:24,19
DA:25,18
DA:26,25
DA:28,18
DA:29,16
DA:30,18
DA:31,19
DA:32,17
DA:33,20
DA:34,17
DA:35,18
DA:36,17
DA:37,17
DA:39,24
DA:40,22
DA:41,24
DA:42,25
DA:43,23
DA:44,26
DA:45,23
DA:46,24
DA:48,20
DA:49,18
DA:50,20
DA:51,21
DA:52,19
DA:53,22
DA:54,19
DA:55,20
DA:57,27
DA:58,25
DA:59,27
DA:60,28
DA:61,26
DA:62,29
DA:63,26
DA:64,27
DA:66,7
DA:67,0
DA:68,0
DA:69,3
DA:72,9
DA:73,1
DA:75,0
DA:76,0
DA:77,0
DA:78,0
DA:79,0
DA:80,0
DA:81,0
DA:82,0
DA:83,0
DA:84,0
DA:88,17
DA:89,13
DA:91,25
DA:92,17
DA:93,33
DA:95,30
DA:96,34
DA:98,0
DA:99,0
DA:101,2
DA:103,3
DA:106,33
LF:107
LH:61
end_of_record
TN:
SF:src/crypto.ts
FNF:2
FNH:0
DA:1,0
DA:2,0
DA:3,0
DA:4,0
DA:5,0
DA:6,0
DA:7,0
DA:8,0
DA:9,0
DA:10,0
DA:11,0
DA:12,1
DA:15,0
DA:16,0
DA:17,0
DA:18,0
DA:19,0
DA:20,0
DA:21,0
DA:22,0
LF:25
LH:1
end_of_record
TN:
SF:src/date.ts
FNF:11
FNH:10
DA:2,33
DA:4,13
DA:5,17
DA:7,67
DA:8,36
DA:10,69
DA:11,37
DA:13,65
DA:14,35
DA:16,47
DA:17,26
DA:19,75
DA:20,40
DA:34,18
DA:35,41
DA:36,41
DA:37,24
DA:38,22
DA:39,30
DA:40,23
DA:41,2
DA:56,53
DA:57,29
DA:58,53
DA:59,13
DA:60,50
DA:62,12
DA:63,8
DA:64,23
DA:65,70
DA:66,52
DA:67,2
DA:69,13
DA:70,11
DA:72,131
DA:83,45
DA:84,41
DA:85,69
DA:88,15
DA:89,23
DA:90,22
DA:91,26
DA:92,69
DA:93,69
DA:94,60
DA:95,18
DA:96,37
DA:97,41
DA:98,38
DA:101,15
DA:102,22
DA:103,39
DA:104,37
DA:105,42
DA:106,36
DA:107,37
DA:108,34
DA:109,38
DA:110,42
DA:111,4
DA:113,39
DA:114,36
DA:115,34
DA:116,44
DA:117,44
DA:120,49
DA:121,50
DA:122,48
DA:124,31
DA:127,20
DA:128,55
DA:129,57
DA:132,19
DA:133,36
DA:134,17
DA:136,48
DA:137,14
DA:138,10
DA:140,31
DA:141,17
DA:142,20
DA:143,13
DA:144,20
DA:145,15
DA:146,20
DA:147,16
DA:148,20
DA:149,17
DA:150,20
DA:151,18
DA:152,20
DA:153,19
DA:154,36
DA:157,71
DA:159,0
DA:160,0
DA:161,0
DA:162,0
DA:163,0
LF:166
LH:94
end_of_record
TN:
SF:src/discord.ts
FNF:1
FNH:0
DA:4,0
DA:5,0
DA:6,0
DA:7,0
DA:8,0
DA:9,0
DA:10,0
DA:11,0
DA:12,0
DA:13,0
DA:14,0
DA:15,0
DA:16,0
DA:17,0
DA:18,0
DA:19,0
DA:20,0
DA:21,0
DA:22,0
DA:23,0
LF:26
LH:0
end_of_record
TN:
SF:src/download.ts
FNF:3
FNH:0
DA:3,0
DA:4,0
DA:5,0
DA:6,0
DA:7,0
DA:8,0
DA:9,0
DA:10,1
DA:13,0
DA:14,0
DA:15,0
DA:16,0
DA:17,0
DA:18,0
DA:19,1
DA:22,0
DA:23,0
LF:26
LH:2
end_of_record
TN:
SF:src/endpoint.ts
FNF:5
FNH:5
DA:9,5
DA:12,15
DA:13,29
DA:14,37
DA:16,15
DA:17,19
DA:19,109
DA:23,5
DA:26,15
DA:27,21
DA:28,30
DA:29,16
DA:31,32
DA:32,48
DA:33,16
DA:35,26
DA:36,16
DA:38,27
DA:39,15
DA:41,36
DA:42,4
DA:44,11
LF:47
LH:22
end_of_record
TN:
SF:src/faker.ts
FNF:19
FNH:10
DA:1,71
DA:2,80
DA:3,74
DA:4,72
DA:6,56
DA:7,434
DA:9,43
DA:10,88
DA:14,10
DA:15,66
DA:17,51
DA:18,124
DA:19,76
DA:20,79
DA:23,10
DA:24,89
DA:25,113
DA:26,92
DA:27,94
DA:28,29
DA:29,87
DA:30,113
DA:31,94
DA:32,219
DA:34,72
DA:35,31
DA:36,79
DA:37,213
DA:38,2
DA:39,22
DA:41,41
DA:42,0
DA:43,0
DA:44,0
DA:45,0
DA:46,0
DA:47,0
DA:48,0
DA:49,0
DA:50,0
DA:51,0
DA:52,0
DA:53,0
DA:54,96
DA:56,10
DA:57,0
DA:58,0
DA:59,56
DA:61,0
DA:62,0
DA:63,32
DA:65,2
DA:66,22
DA:68,414
DA:69,406
DA:71,372
DA:72,354
DA:74,24
DA:75,72
DA:76,87
DA:77,69
DA:78,121
DA:79,22
DA:81,126
DA:83,32
DA:84,0
DA:85,111
DA:87,22
DA:89,134
DA:91,32
DA:92,73
DA:93,125
DA:94,90
DA:95,85
DA:96,50
DA:97,12
DA:99,6
DA:100,1
LF:101
LH:61
end_of_record
TN:
SF:src/image.ts
FNF:3
FNH:2
DA:1,38
DA:4,13
DA:12,3
DA:13,39
DA:14,54
DA:15,94
DA:16,5
DA:18,100
DA:20,111
DA:23,0
DA:24,0
DA:25,0
DA:26,0
DA:27,0
DA:28,0
DA:29,0
DA:30,0
DA:31,0
DA:32,0
DA:33,0
DA:34,0
DA:35,0
DA:36,0
DA:37,0
DA:38,0
DA:39,0
DA:40,0
DA:41,0
DA:42,0
DA:43,0
DA:44,0
DA:45,0
DA:46,0
DA:47,0
DA:48,0
DA:49,0
DA:50,0
DA:51,0
DA:52,0
DA:53,0
DA:54,0
DA:55,0
DA:56,0
DA:57,0
DA:58,0
DA:59,0
LF:62
LH:9
end_of_record
TN:
SF:src/isGranted.ts
FNF:3
FNH:3
DA:1,5
DA:4,15
DA:5,32
DA:6,34
DA:7,14
DA:9,14
DA:10,68
DA:11,39
DA:12,42
DA:13,21
DA:15,35
DA:16,19
DA:17,6
DA:18,6
DA:20,16
DA:23,24
LF:26
LH:16
end_of_record
TN:
SF:src/log.ts
FNF:1
FNH:0
DA:1,34
DA:6,23
DA:7,12
DA:8,14
DA:9,22
DA:10,10
DA:11,4
DA:12,11
DA:13,14
DA:14,23
DA:15,10
DA:16,4
DA:17,14
DA:18,14
DA:19,24
DA:20,10
DA:21,4
DA:22,14
DA:23,14
DA:24,25
DA:25,10
DA:26,2
DA:27,2
DA:44,0
DA:45,0
DA:46,0
DA:47,0
DA:48,0
DA:49,0
DA:50,0
DA:51,0
DA:52,0
DA:53,0
DA:54,0
DA:55,0
DA:56,0
DA:57,0
DA:58,0
DA:59,0
DA:60,0
DA:61,0
DA:62,0
DA:63,0
DA:64,0
DA:65,0
DA:66,0
DA:67,0
DA:68,0
DA:69,0
DA:70,0
DA:71,0
DA:72,0
DA:73,0
DA:74,0
DA:75,0
DA:76,0
DA:77,0
DA:78,0
DA:79,0
DA:80,0
DA:81,0
LF:84
LH:23
end_of_record
TN:
SF:src/number.ts
FNF:6
FNH:6
DA:1,33
DA:6,34
DA:7,32
DA:8,2
DA:9,21
DA:11,34
DA:12,52
DA:13,13
DA:15,50
DA:16,65
DA:18,50
DA:22,46
DA:23,73
DA:26,28
DA:27,58
DA:30,24
DA:31,27
DA:32,19
DA:33,15
DA:34,2
DA:36,67
LF:38
LH:21
end_of_record
TN:
SF:src/object.ts
FNF:3
FNH:0
DA:2,31
DA:4,0
DA:5,0
DA:6,0
DA:7,0
DA:8,0
DA:9,0
DA:10,0
DA:11,1
DA:14,0
DA:15,0
DA:16,0
DA:17,0
DA:18,0
DA:19,0
DA:20,0
DA:21,0
DA:22,0
DA:23,0
DA:24,0
DA:25,0
DA:26,0
DA:27,1
DA:33,0
DA:34,0
DA:35,0
DA:36,0
DA:37,0
DA:38,0
DA:39,0
DA:40,0
DA:41,0
DA:42,0
DA:43,0
DA:44,0
DA:45,0
DA:46,0
DA:47,0
DA:48,0
DA:49,0
DA:50,0
DA:51,0
DA:52,0
DA:53,0
DA:54,0
DA:55,0
DA:56,0
DA:57,0
DA:58,0
DA:59,0
DA:60,0
DA:61,0
DA:62,0
DA:63,0
DA:64,0
DA:65,0
DA:66,0
DA:67,0
DA:68,0
DA:69,0
LF:72
LH:3
end_of_record
TN:
SF:src/rule.ts
FNF:30
FNH:29
DA:13,87
DA:14,68
DA:15,48
DA:16,95
DA:17,39
DA:18,155
DA:19,42
DA:20,158
DA:21,39
DA:22,155
DA:23,42
DA:24,146
DA:25,39
DA:26,146
DA:27,42
DA:28,176
DA:30,105
DA:35,56
DA:36,78
DA:38,47
DA:39,33
DA:40,20
DA:42,284
DA:43,84
DA:46,49
DA:47,33
DA:48,31
DA:50,198
DA:53,164
DA:54,31
DA:55,31
DA:57,66
DA:58,183
DA:59,19
DA:60,127
DA:61,126
DA:64,94
DA:65,95
DA:66,31
DA:68,203
DA:69,65
DA:72,53
DA:73,95
DA:74,31
DA:76,136
DA:79,49
DA:80,33
DA:81,31
DA:83,224
DA:86,53
DA:87,31
DA:88,31
DA:90,164
DA:93,55
DA:94,33
DA:95,31
DA:97,142
DA:100,77
DA:101,22
DA:102,62
DA:104,97
DA:105,67
DA:107,111
DA:108,87
DA:110,30
DA:112,26
DA:113,85
DA:117,137
DA:119,46
DA:120,32
DA:121,33
DA:122,31
DA:123,179
DA:126,137
DA:128,46
DA:129,32
DA:130,33
DA:131,31
DA:132,179
DA:135,65
DA:136,33
DA:137,43
DA:139,112
DA:142,51
DA:143,71
DA:144,73
DA:146,94
DA:149,47
DA:150,33
DA:151,31
DA:152,216
DA:155,53
DA:156,95
DA:157,43
DA:159,71
DA:160,31
DA:162,61
DA:163,83
DA:165,71
DA:166,97
DA:168,71
DA:169,105
DA:171,59
DA:174,108
DA:175,33
DA:176,31
DA:178,84
DA:179,80
DA:181,57
DA:182,51
DA:183,53
DA:185,63
DA:186,123
DA:187,132
DA:190,100
DA:191,33
DA:192,31
DA:194,54
DA:195,62
DA:197,57
DA:198,33
DA:199,35
DA:201,63
DA:202,63
DA:203,78
DA:206,138
DA:207,33
DA:208,31
DA:210,96
DA:211,86
DA:213,96
DA:214,86
DA:216,57
DA:217,117
DA:218,117
DA:220,112
DA:221,112
DA:223,63
DA:224,135
DA:225,118
DA:227,1
LF:228
LH:141
end_of_record
TN:
SF:src/text.ts
FNF:35
FNH:35
DA:1,37
DA:3,83
DA:5,44
DA:6,24
DA:8,18
DA:9,16
DA:10,64
DA:11,79
DA:12,9
DA:13,2
DA:15,18
DA:16,34
DA:17,49
DA:19,14
DA:23,14
DA:24,60
DA:27,14
DA:28,50
DA:40,14
DA:41,21
DA:42,15
DA:43,16
DA:44,15
DA:50,7
DA:51,45
DA:53,35
DA:54,35
DA:56,19
DA:57,71
DA:59,13
DA:60,31
DA:62,12
DA:63,85
DA:65,14
DA:69,19
DA:70,96
DA:73,14
DA:74,50
DA:77,27
DA:78,48
DA:79,83
DA:82,27
DA:83,48
DA:84,84
DA:87,18
DA:88,55
DA:91,17
DA:92,48
DA:93,25
DA:94,30
DA:95,30
DA:96,31
DA:97,32
DA:98,40
DA:100,2
DA:103,16
DA:104,34
DA:106,48
DA:108,36
DA:109,35
DA:110,2
DA:112,19
DA:115,21
DA:116,17
DA:117,55
DA:119,39
DA:120,31
DA:121,10
DA:122,4
DA:123,11
DA:124,2
DA:126,14
DA:129,21
DA:130,41
DA:131,33
DA:134,14
DA:135,91
DA:136,29
DA:139,131
DA:140,21
DA:141,122
DA:142,2
DA:144,55
DA:145,77
DA:146,46
DA:148,44
DA:149,62
DA:150,43
DA:151,2
DA:153,69
DA:157,19
DA:158,61
DA:159,38
DA:161,136
DA:162,24
DA:164,30
DA:165,38
DA:167,31
DA:168,38
DA:170,22
DA:173,85
DA:174,34
DA:176,15
DA:177,30
DA:178,40
DA:180,37
DA:181,92
DA:182,43
DA:183,18
DA:184,20
DA:185,20
DA:188,19
DA:189,38
DA:190,2
DA:192,64
DA:193,30
DA:194,100
DA:196,25
DA:197,44
DA:199,107
DA:202,14
DA:203,26
DA:204,38
DA:207,23
DA:208,24
DA:209,36
DA:210,21
DA:211,9
DA:213,48
DA:214,50
DA:219,95
DA:220,56
DA:221,56
DA:222,72
DA:223,85
DA:224,71
LF:225
LH:136
end_of_record
TN:
SF:src/unit.ts
FNF:18
FNH:5
DA:10,0
DA:11,0
DA:12,0
DA:13,0
DA:14,0
DA:15,0
DA:16,0
DA:17,0
DA:18,0
DA:19,0
DA:20,0
DA:21,0
DA:22,0
DA:23,0
DA:24,0
DA:25,0
DA:26,27
DA:38,96
DA:39,65
DA:41,65
DA:42,43
DA:44,37
DA:45,101
DA:46,117
DA:47,26
DA:48,42
DA:50,16
DA:51,44
DA:52,8
DA:53,164
DA:55,86
DA:58,48
DA:59,37
DA:60,47
DA:61,74
DA:62,42
DA:63,44
DA:64,125
DA:65,44
DA:66,28
DA:67,5
DA:68,106
DA:71,54
DA:72,86
DA:73,40
DA:74,38
DA:75,38
DA:78,0
DA:79,41
DA:82,0
DA:83,60
DA:86,0
DA:87,65
DA:103,44
DA:104,22
DA:105,18
DA:106,26
DA:107,32
DA:108,38
DA:109,44
DA:110,50
DA:111,56
DA:112,62
DA:113,62
DA:114,8
DA:115,30
DA:116,28
DA:117,26
DA:118,18
DA:119,26
DA:120,30
DA:121,30
DA:122,30
DA:123,34
DA:124,22
DA:125,8
DA:126,26
DA:127,28
DA:128,18
DA:129,26
DA:130,22
DA:131,34
DA:132,36
DA:133,38
DA:134,32
DA:135,8
DA:136,26
DA:137,18
DA:138,26
DA:139,24
DA:140,30
DA:141,30
DA:142,26
DA:143,34
DA:144,34
DA:145,72
DA:146,8
DA:147,30
DA:148,20
DA:149,28
DA:150,26
DA:151,26
DA:152,32
DA:153,34
DA:154,36
DA:155,30
DA:156,8
DA:157,24
DA:158,26
DA:159,42
DA:160,34
DA:161,34
DA:162,32
DA:163,8
DA:164,22
DA:165,40
DA:166,46
DA:167,28
DA:168,18
DA:169,24
DA:170,24
DA:171,26
DA:172,30
DA:173,32
DA:174,28
DA:175,8
DA:176,26
DA:177,42
DA:178,36
DA:179,34
DA:180,26
DA:181,20
DA:182,46
DA:183,46
DA:184,48
DA:185,42
DA:186,40
DA:187,40
DA:188,40
DA:189,44
DA:190,32
DA:191,8
DA:192,22
DA:193,36
DA:194,32
DA:195,20
DA:196,24
DA:197,26
DA:198,40
DA:199,36
DA:200,36
DA:201,32
DA:202,34
DA:203,4
DA:204,4
DA:206,60
DA:211,6
DA:212,82
DA:213,98
DA:214,90
DA:215,90
DA:216,98
DA:217,86
DA:218,82
DA:219,90
DA:220,82
DA:221,36
DA:222,20
DA:223,50
DA:224,40
DA:225,12
DA:226,20
DA:227,60
DA:228,48
DA:229,12
DA:230,50
DA:231,4
DA:232,3
DA:234,49
DA:235,24
DA:236,46
DA:237,36
DA:238,5
DA:241,52
DA:242,78
DA:243,48
DA:244,67
DA:245,113
DA:247,37
DA:253,1
DA:255,0
DA:256,0
DA:257,0
DA:258,73
DA:261,0
DA:262,50
DA:265,0
DA:266,60
DA:268,2
LF:269
LH:175
end_of_record
TN:
SF:src/url.ts
FNF:2
FNH:2
DA:1,35
DA:3,16
DA:4,22
DA:5,48
DA:6,27
DA:7,37
DA:8,12
DA:9,15
DA:10,4
DA:11,31
LF:13
LH:10
end_of_record
TN:
SF:types/discord.ts
FNF:0
FNH:0
LF:94
LH:0
end_of_record
TN:
SF:types/index.ts
FNF:1
FNH:1
DA:1,26
DA:2,24
DA:3,23
LF:4
LH:3
end_of_record
TN:
SF:types/input.ts
FNF:0
FNH:0
LF:193
LH:0
end_of_record
TN:
SF:types/types.ts
FNF:0
FNH:0
LF:48
LH:0
end_of_record
