TN:
SF:i18n/date/en.ts
FNF:1
FNH:1
DA:3,17
DA:4,19
DA:5,20
DA:6,17
DA:7,17
DA:8,15
DA:9,16
DA:10,16
DA:11,18
DA:12,21
DA:13,20
DA:14,21
DA:15,21
DA:16,16
DA:17,16
DA:18,16
DA:19,16
DA:20,16
DA:21,16
DA:22,16
DA:23,16
DA:24,16
DA:25,17
DA:26,17
DA:27,17
DA:28,18
DA:29,19
DA:30,21
DA:31,20
DA:32,18
DA:33,20
DA:34,18
DA:35,16
DA:36,16
DA:37,16
DA:38,16
DA:39,16
DA:40,16
DA:41,14
DA:42,1
LF:43
LH:40
end_of_record
TN:
SF:index.ts
FNF:1
FNH:1
DA:1,28
DA:2,35
DA:3,39
DA:4,35
DA:5,40
DA:6,37
DA:7,26
DA:8,32
DA:9,29
DA:10,29
DA:11,27
DA:12,41
DA:13,30
DA:14,30
DA:15,31
DA:16,36
DA:17,28
DA:18,29
DA:19,29
DA:20,27
DA:21,27
DA:22,29
DA:23,43
DA:24,35
DA:25,34
DA:26,42
DA:27,27
DA:28,26
DA:29,29
LF:30
LH:29
end_of_record
TN:
SF:src/array.ts
FNF:7
FNH:4
DA:1,37
DA:3,35
DA:4,54
DA:6,21
DA:9,14
DA:10,25
DA:13,16
DA:14,45
DA:17,0
DA:18,0
DA:19,0
DA:20,0
DA:21,0
DA:22,0
DA:23,0
DA:24,0
DA:25,0
DA:26,0
DA:27,0
DA:28,0
DA:29,0
DA:30,0
DA:31,0
DA:32,0
DA:33,0
DA:34,0
DA:35,0
DA:36,0
DA:37,1
DA:40,0
DA:41,0
DA:42,0
DA:43,0
DA:44,0
DA:45,1
DA:48,16
DA:49,44
DA:52,0
DA:53,0
DA:54,0
DA:55,0
DA:56,0
DA:57,0
DA:58,0
DA:59,0
DA:60,0
DA:61,0
DA:62,0
DA:63,0
DA:64,0
DA:65,0
DA:66,0
DA:67,0
DA:68,0
DA:69,0
LF:72
LH:12
end_of_record
TN:
SF:src/builder/date.ts
FNF:4
FNH:0
DA:2,32
DA:3,41
DA:34,23
DA:44,18
DA:45,20
DA:46,23
DA:47,15
DA:48,22
DA:49,18
DA:50,19
DA:51,13
DA:52,20
DA:53,17
DA:54,24
DA:55,20
DA:56,21
DA:57,14
DA:58,21
DA:59,16
DA:60,23
DA:61,16
DA:62,21
DA:63,2
DA:65,0
DA:66,1
DA:69,0
DA:70,0
DA:71,0
DA:72,0
DA:73,0
DA:74,0
DA:75,0
DA:76,0
DA:77,0
DA:78,0
DA:79,0
DA:80,0
DA:81,0
DA:82,0
DA:83,0
DA:84,0
DA:85,0
DA:86,0
DA:87,0
DA:88,0
DA:89,1
DA:94,0
DA:95,0
DA:96,0
DA:97,0
DA:98,0
DA:99,0
DA:100,0
DA:101,0
DA:102,0
DA:103,0
DA:104,0
DA:105,0
DA:106,0
DA:107,0
DA:108,0
DA:109,0
DA:110,0
DA:111,0
DA:112,0
DA:113,0
DA:114,1
DA:119,0
DA:120,0
DA:121,0
DA:122,0
DA:123,0
DA:124,0
DA:125,0
DA:126,0
DA:127,0
DA:128,0
DA:129,0
DA:130,0
DA:131,0
DA:132,0
DA:133,0
DA:134,0
DA:135,0
DA:136,0
DA:137,0
DA:138,0
DA:139,0
DA:140,0
DA:141,0
DA:142,0
DA:143,0
DA:144,0
DA:145,0
DA:146,0
DA:147,0
DA:148,0
DA:149,0
DA:150,0
DA:151,0
DA:152,0
DA:153,0
DA:154,0
DA:155,0
DA:156,0
DA:157,0
DA:158,0
DA:159,0
DA:160,0
LF:163
LH:26
end_of_record
TN:
SF:src/builder/endpoint.ts
FNF:3
FNH:3
DA:31,5
DA:34,14
DA:41,28
DA:42,37
DA:44,25
DA:45,19
DA:47,120
DA:50,18
LF:52
LH:8
end_of_record
TN:
SF:src/builder/i18n.ts
FNF:1
FNH:0
DA:25,0
DA:26,0
DA:27,0
DA:28,0
DA:29,0
DA:30,0
DA:31,0
DA:32,0
DA:33,0
DA:34,0
DA:35,0
DA:36,0
DA:37,0
DA:38,0
DA:39,0
DA:40,0
DA:41,0
DA:42,0
DA:43,0
DA:44,0
DA:45,0
DA:46,0
DA:47,0
DA:48,0
DA:49,0
DA:50,0
DA:51,0
DA:52,0
DA:53,0
DA:54,0
DA:55,0
DA:56,0
DA:57,0
DA:58,0
DA:59,0
DA:60,0
DA:61,0
DA:62,0
DA:63,0
DA:64,0
DA:65,0
DA:66,0
DA:67,0
DA:68,0
DA:69,0
DA:70,0
DA:71,0
DA:72,0
DA:73,0
DA:74,0
DA:75,0
DA:76,0
DA:77,0
DA:78,0
DA:79,0
DA:80,0
DA:81,0
DA:82,0
DA:83,0
DA:84,0
DA:85,0
DA:86,0
DA:87,0
DA:88,0
DA:89,0
DA:90,0
DA:91,0
DA:92,0
LF:95
LH:0
end_of_record
TN:
SF:src/builder/isGranted.ts
FNF:3
FNH:3
DA:1,5
DA:4,15
DA:5,32
DA:6,34
DA:7,14
DA:9,14
DA:10,68
DA:11,39
DA:12,42
DA:13,21
DA:15,35
DA:16,19
DA:17,6
DA:18,6
DA:20,16
DA:23,24
LF:26
LH:16
end_of_record
TN:
SF:src/builder/logger.ts
FNF:2
FNH:0
DA:1,41
DA:15,0
DA:16,0
DA:17,0
DA:18,0
DA:19,0
DA:20,0
DA:21,0
DA:22,0
DA:23,0
DA:24,0
DA:25,0
DA:26,0
DA:27,0
DA:28,0
DA:29,0
DA:30,0
DA:31,0
DA:32,1
DA:39,0
DA:40,0
DA:41,0
DA:42,0
DA:43,0
DA:44,0
DA:45,0
DA:46,0
DA:47,0
DA:48,0
DA:49,0
DA:50,0
DA:51,0
DA:52,0
DA:53,0
DA:54,0
DA:55,0
DA:56,0
DA:57,0
DA:58,0
DA:59,0
DA:60,0
DA:61,0
DA:62,0
DA:63,0
LF:66
LH:2
end_of_record
TN:
SF:src/cli.ts
FNF:15
FNH:13
DA:1,37
DA:2,46
DA:3,40
DA:80,39
DA:81,21
DA:82,74
DA:86,19
DA:87,82
DA:88,13
DA:90,61
DA:91,14
DA:93,50
DA:96,19
DA:97,27
DA:98,2
DA:100,33
DA:101,2
DA:103,68
DA:104,44
DA:106,38
DA:108,24
DA:109,2
DA:111,9
DA:114,19
DA:115,27
DA:116,2
DA:118,33
DA:119,2
DA:121,58
DA:122,44
DA:124,36
DA:126,24
DA:127,2
DA:129,9
DA:132,19
DA:133,27
DA:134,2
DA:136,33
DA:137,2
DA:139,68
DA:140,2
DA:142,27
DA:144,24
DA:145,2
DA:147,9
DA:150,19
DA:151,27
DA:152,2
DA:154,31
DA:156,36
DA:157,44
DA:159,11
DA:162,19
DA:163,27
DA:164,2
DA:166,26
DA:167,44
DA:169,12
DA:172,19
DA:173,23
DA:174,29
DA:175,4
DA:177,27
DA:178,2
DA:180,20
DA:181,89
DA:183,33
DA:184,39
DA:186,31
DA:187,40
DA:189,29
DA:190,38
DA:192,32
DA:193,41
DA:195,32
DA:196,14
DA:198,30
DA:199,39
DA:201,30
DA:202,37
DA:204,0
DA:207,0
DA:208,0
DA:209,0
DA:210,0
DA:211,0
DA:212,0
DA:213,0
DA:214,0
DA:215,0
DA:219,0
DA:220,0
DA:221,0
DA:222,0
DA:223,0
DA:224,0
DA:225,0
DA:226,0
DA:227,0
DA:228,0
DA:229,0
DA:230,0
DA:231,0
DA:232,0
DA:233,0
DA:234,0
DA:235,0
DA:236,0
DA:237,0
DA:238,0
DA:239,0
DA:240,0
DA:241,0
DA:242,0
DA:243,0
DA:244,0
DA:245,0
DA:246,0
DA:247,0
DA:248,0
DA:249,0
DA:250,0
DA:251,0
DA:252,0
DA:253,0
DA:254,0
DA:255,0
DA:256,0
DA:257,1
DA:260,43
DA:262,5
DA:264,12
DA:265,65
DA:266,20
DA:267,24
DA:268,5
DA:270,40
DA:271,0
DA:272,0
DA:273,0
DA:274,0
DA:275,0
DA:276,2
DA:278,20
DA:280,48
DA:281,31
DA:283,39
DA:285,16
DA:286,12
DA:288,34
DA:290,63
DA:291,41
DA:293,37
DA:294,21
DA:295,4
DA:297,115
DA:299,17
DA:300,12
DA:302,33
DA:303,57
DA:305,8
DA:306,4
DA:308,37
DA:309,33
DA:311,8
DA:312,0
DA:314,0
DA:315,0
DA:317,0
DA:318,0
DA:320,0
DA:321,2
DA:323,34
DA:324,43
DA:325,12
DA:327,40
DA:328,43
DA:330,8
DA:331,4
DA:333,36
DA:334,0
DA:336,0
DA:337,2
DA:338,2
DA:340,34
DA:341,2
DA:343,90
DA:345,30
DA:346,105
DA:348,13
LF:350
LH:129
end_of_record
TN:
SF:src/clipboard.ts
FNF:1
FNH:0
DA:1,0
DA:2,0
DA:3,0
DA:4,0
DA:5,0
LF:8
LH:0
end_of_record
TN:
SF:src/colors.ts
FNF:3
FNH:3
DA:2,55
DA:3,47
DA:5,27
DA:6,102
DA:9,25
DA:10,28
DA:11,28
DA:13,45
DA:14,45
DA:15,45
DA:17,20
DA:20,14
DA:23,16
DA:24,9
DA:25,21
DA:26,7
DA:27,71
DA:28,65
DA:30,45
LF:32
LH:19
end_of_record
TN:
SF:src/crypto.ts
FNF:6
FNH:4
DA:1,0
DA:2,0
DA:3,0
DA:4,0
DA:5,0
DA:6,0
DA:7,0
DA:8,0
DA:9,0
DA:10,0
DA:11,0
DA:12,0
DA:13,1
DA:16,0
DA:17,0
DA:18,0
DA:19,0
DA:20,0
DA:21,0
DA:22,0
DA:23,0
DA:24,0
DA:25,1
DA:29,14
DA:30,34
DA:32,40
DA:33,53
DA:34,25
DA:35,2
DA:37,17
DA:38,44
DA:39,44
DA:41,29
DA:46,21
DA:47,14
DA:48,13
DA:49,13
DA:50,13
DA:51,13
DA:52,24
DA:54,20
DA:55,25
DA:56,27
DA:57,18
DA:58,29
DA:60,23
DA:63,34
LF:66
LH:26
end_of_record
TN:
SF:src/date.ts
FNF:6
FNH:5
DA:1,0
DA:2,1
DA:5,15
DA:6,23
DA:7,22
DA:8,26
DA:9,69
DA:10,69
DA:11,60
DA:12,18
DA:13,37
DA:14,41
DA:16,38
DA:19,15
DA:20,22
DA:21,39
DA:22,37
DA:23,42
DA:24,36
DA:25,37
DA:26,34
DA:27,38
DA:28,42
DA:29,4
DA:31,39
DA:32,36
DA:33,34
DA:35,44
DA:37,130
DA:40,49
DA:41,50
DA:42,48
DA:44,31
DA:47,15
DA:48,33
DA:49,37
DA:50,43
DA:52,60
DA:54,40
DA:57,19
DA:58,36
DA:59,17
DA:61,48
DA:63,14
DA:64,10
DA:66,31
DA:67,17
DA:69,20
DA:70,13
DA:72,20
DA:73,15
DA:75,20
DA:76,16
DA:78,20
DA:79,17
DA:81,20
DA:82,18
DA:84,20
DA:85,19
DA:87,35
LF:89
LH:59
end_of_record
TN:
SF:src/decorators/memoize.ts
FNF:9
FNH:6
DA:1,18
DA:2,45
DA:3,72
DA:5,37
DA:6,81
DA:8,47
DA:9,4
DA:11,20
DA:12,44
DA:13,47
DA:14,51
DA:15,55
DA:17,28
DA:18,31
DA:20,38
DA:22,33
DA:23,86
DA:24,21
DA:25,10
DA:27,34
DA:28,8
DA:30,49
DA:32,32
DA:33,33
DA:34,33
DA:36,18
DA:38,0
DA:39,0
DA:40,0
DA:41,0
DA:43,0
DA:44,0
DA:45,0
DA:46,0
DA:47,0
DA:48,0
DA:49,0
DA:50,0
DA:51,0
DA:52,0
DA:53,0
DA:54,0
DA:55,0
DA:56,0
DA:57,0
DA:58,0
DA:59,0
DA:60,0
DA:61,0
DA:62,0
DA:63,0
DA:64,0
DA:66,4
DA:68,10
DA:69,40
DA:70,40
DA:71,40
DA:73,55
DA:74,78
DA:75,44
DA:76,47
DA:77,10
DA:79,65
DA:80,0
DA:81,0
DA:83,0
DA:84,0
DA:85,0
DA:86,15
DA:88,6
DA:90,30
DA:91,22
DA:92,55
DA:95,8
DA:97,46
DA:98,52
DA:100,33
DA:101,34
DA:104,68
DA:105,79
DA:107,52
DA:109,54
DA:110,54
DA:112,51
DA:113,35
DA:114,27
DA:115,51
DA:116,67
DA:118,52
DA:119,32
DA:120,15
DA:121,0
DA:122,0
DA:124,0
DA:126,0
DA:127,0
DA:128,0
DA:130,0
DA:131,0
DA:132,0
DA:134,0
DA:135,0
DA:136,10
DA:138,8
DA:139,6
DA:140,8
DA:143,17
LF:146
LH:65
end_of_record
TN:
SF:src/decrypt.ts
FNF:3
FNH:0
DA:1,0
DA:2,0
DA:3,0
DA:4,0
DA:5,0
DA:6,0
DA:7,0
DA:8,0
DA:9,0
DA:10,0
DA:11,0
DA:12,0
DA:13,0
DA:14,0
DA:15,0
DA:16,0
DA:17,0
DA:18,0
DA:19,0
DA:20,0
DA:21,0
DA:22,0
DA:23,0
DA:24,0
DA:25,0
DA:26,0
DA:27,0
DA:28,0
DA:29,0
DA:30,0
DA:31,0
DA:32,0
DA:33,0
DA:34,1
DA:37,0
DA:38,0
DA:39,0
DA:40,0
DA:41,0
DA:42,0
DA:43,0
DA:44,0
DA:45,0
DA:46,0
DA:47,0
DA:48,0
DA:49,0
DA:50,0
DA:51,0
DA:52,0
DA:53,0
DA:54,0
DA:55,0
LF:58
LH:1
end_of_record
TN:
SF:src/discord.ts
FNF:1
FNH:0
DA:4,0
DA:5,0
DA:6,0
DA:7,0
DA:8,0
DA:9,0
DA:10,0
DA:11,0
DA:12,0
DA:13,0
DA:14,0
DA:15,0
DA:16,0
DA:17,0
DA:18,0
DA:19,0
DA:20,0
DA:21,0
DA:22,0
DA:23,0
LF:26
LH:0
end_of_record
TN:
SF:src/download.ts
FNF:3
FNH:0
DA:3,0
DA:4,0
DA:5,0
DA:6,0
DA:7,0
DA:8,0
DA:9,0
DA:10,0
DA:11,1
DA:14,0
DA:15,0
DA:16,0
DA:17,0
DA:18,0
DA:19,0
DA:20,0
DA:21,1
DA:24,0
DA:25,0
DA:26,0
LF:29
LH:2
end_of_record
TN:
SF:src/format/number.ts
FNF:4
FNH:3
DA:10,36
DA:11,31
DA:13,32
DA:14,21
DA:16,18
DA:17,50
DA:18,58
DA:19,13
DA:20,21
DA:22,8
DA:23,20
DA:24,6
DA:25,82
DA:27,42
DA:30,14
DA:31,18
DA:32,23
DA:34,37
DA:35,21
DA:36,22
DA:38,62
DA:39,22
DA:40,14
DA:41,2
DA:43,52
DA:46,17
DA:47,43
DA:48,20
DA:49,19
DA:50,18
DA:53,0
DA:54,0
DA:55,0
DA:56,0
LF:59
LH:30
end_of_record
TN:
SF:src/image.ts
FNF:3
FNH:2
DA:1,38
DA:4,13
DA:12,3
DA:13,39
DA:14,54
DA:15,94
DA:16,5
DA:18,100
DA:20,111
DA:23,0
DA:24,0
DA:25,0
DA:26,0
DA:27,0
DA:28,0
DA:29,0
DA:30,0
DA:31,0
DA:32,0
DA:33,0
DA:34,0
DA:35,0
DA:36,0
DA:37,0
DA:38,0
DA:39,0
DA:40,0
DA:41,0
DA:42,0
DA:43,0
DA:44,0
DA:45,0
DA:46,0
DA:47,0
DA:48,0
DA:49,0
DA:50,0
DA:51,0
DA:52,0
DA:53,0
DA:54,0
DA:55,0
DA:56,0
DA:57,0
DA:58,0
DA:59,0
DA:60,0
DA:61,0
DA:62,0
DA:63,0
DA:64,0
DA:65,0
DA:66,0
DA:67,0
DA:68,0
LF:71
LH:9
end_of_record
TN:
SF:src/number.ts
FNF:7
FNH:7
DA:1,40
DA:3,33
DA:8,34
DA:9,32
DA:10,2
DA:12,21
DA:14,34
DA:15,52
DA:16,13
DA:18,50
DA:19,65
DA:21,50
DA:25,6
DA:26,7
DA:27,8
DA:28,7
DA:29,8
DA:30,7
DA:31,3
DA:32,73
DA:35,28
DA:36,58
DA:39,24
DA:40,27
DA:41,19
DA:42,15
DA:43,2
DA:45,68
DA:48,49
DA:49,26
DA:50,53
DA:51,19
DA:53,15
DA:54,44
DA:56,0
LF:58
LH:34
end_of_record
TN:
SF:src/object.ts
FNF:8
FNH:0
DA:2,31
DA:4,0
DA:5,0
DA:6,0
DA:7,0
DA:8,0
DA:9,0
DA:10,0
DA:11,1
DA:14,0
DA:15,0
DA:16,0
DA:17,0
DA:18,0
DA:19,0
DA:20,0
DA:21,0
DA:22,0
DA:23,0
DA:24,0
DA:25,0
DA:26,0
DA:27,1
DA:33,0
DA:34,0
DA:35,0
DA:36,0
DA:37,0
DA:38,0
DA:39,0
DA:40,0
DA:41,0
DA:42,0
DA:43,0
DA:44,0
DA:45,0
DA:46,0
DA:47,0
DA:48,0
DA:49,0
DA:50,0
DA:51,0
DA:52,0
DA:53,0
DA:54,0
DA:55,0
DA:56,0
DA:57,0
DA:58,0
DA:59,0
DA:60,0
DA:61,0
DA:62,0
DA:63,0
DA:64,0
DA:65,0
DA:66,0
DA:67,0
DA:68,0
DA:69,0
DA:70,0
DA:71,0
DA:72,0
DA:73,0
DA:74,0
DA:75,0
DA:76,0
DA:77,0
DA:78,0
DA:79,0
DA:80,0
DA:81,0
DA:82,0
DA:83,0
DA:84,0
DA:85,0
DA:86,0
DA:87,0
DA:88,1
DA:91,0
DA:92,0
DA:93,0
DA:94,0
DA:95,0
DA:96,0
DA:97,0
DA:98,0
DA:99,0
DA:100,0
DA:101,0
DA:102,0
DA:103,0
DA:104,0
DA:105,0
DA:106,0
DA:107,0
DA:108,0
DA:109,0
DA:110,0
DA:111,0
DA:112,1
DA:115,0
DA:116,0
DA:117,0
DA:118,0
DA:119,1
DA:122,0
DA:123,1
DA:126,0
DA:127,1
DA:130,0
LF:133
LH:8
end_of_record
TN:
SF:src/rule.ts
FNF:30
FNH:29
DA:13,87
DA:14,68
DA:15,48
DA:17,95
DA:18,39
DA:19,155
DA:21,42
DA:22,158
DA:24,39
DA:25,155
DA:27,42
DA:28,146
DA:30,39
DA:31,146
DA:33,42
DA:34,176
DA:36,105
DA:41,56
DA:42,78
DA:44,47
DA:45,33
DA:46,20
DA:48,284
DA:49,84
DA:52,49
DA:53,33
DA:54,31
DA:56,198
DA:59,164
DA:60,31
DA:61,31
DA:63,66
DA:65,183
DA:66,19
DA:67,127
DA:68,126
DA:71,94
DA:72,95
DA:73,31
DA:75,203
DA:76,65
DA:79,53
DA:80,95
DA:81,31
DA:83,136
DA:86,49
DA:87,33
DA:88,31
DA:90,224
DA:93,53
DA:94,31
DA:95,31
DA:97,164
DA:100,55
DA:101,33
DA:102,31
DA:104,142
DA:107,77
DA:108,22
DA:109,62
DA:111,97
DA:112,67
DA:114,111
DA:115,87
DA:117,30
DA:119,26
DA:120,85
DA:124,137
DA:126,46
DA:127,32
DA:128,33
DA:129,31
DA:131,179
DA:134,137
DA:136,46
DA:137,32
DA:138,33
DA:139,31
DA:141,179
DA:144,65
DA:145,33
DA:146,43
DA:148,112
DA:151,51
DA:152,71
DA:153,73
DA:155,94
DA:158,47
DA:159,33
DA:160,31
DA:162,216
DA:165,53
DA:166,95
DA:167,43
DA:169,71
DA:170,31
DA:172,61
DA:173,83
DA:175,71
DA:176,97
DA:178,71
DA:179,105
DA:181,59
DA:184,108
DA:185,33
DA:186,31
DA:188,84
DA:190,80
DA:192,57
DA:193,51
DA:194,53
DA:196,63
DA:197,123
DA:198,132
DA:201,100
DA:202,33
DA:203,31
DA:205,54
DA:207,62
DA:209,57
DA:210,33
DA:211,35
DA:213,63
DA:214,63
DA:215,78
DA:218,138
DA:219,33
DA:220,31
DA:222,96
DA:224,86
DA:226,96
DA:228,86
DA:230,57
DA:231,117
DA:232,117
DA:234,112
DA:235,112
DA:237,63
DA:238,135
DA:239,118
DA:241,1
LF:242
LH:141
end_of_record
TN:
SF:src/text.ts
FNF:36
FNH:35
DA:1,37
DA:3,83
DA:5,44
DA:6,24
DA:8,18
DA:9,16
DA:10,64
DA:12,79
DA:14,9
DA:15,2
DA:17,18
DA:19,34
DA:20,49
DA:22,14
DA:26,14
DA:27,60
DA:30,14
DA:31,50
DA:43,14
DA:44,21
DA:45,15
DA:46,16
DA:47,15
DA:53,7
DA:54,45
DA:56,35
DA:57,35
DA:59,19
DA:60,71
DA:62,13
DA:63,31
DA:65,12
DA:66,85
DA:68,14
DA:72,19
DA:73,96
DA:76,14
DA:77,50
DA:80,27
DA:81,48
DA:83,83
DA:86,27
DA:87,48
DA:89,84
DA:92,18
DA:93,55
DA:96,17
DA:97,48
DA:98,25
DA:99,30
DA:101,30
DA:103,31
DA:105,32
DA:107,40
DA:109,2
DA:112,16
DA:113,34
DA:115,48
DA:117,34
DA:118,34
DA:120,19
DA:123,21
DA:124,17
DA:125,55
DA:127,39
DA:128,29
DA:129,9
DA:131,11
DA:132,2
DA:134,14
DA:137,21
DA:138,41
DA:140,33
DA:143,83
DA:145,14
DA:146,37
DA:148,29
DA:151,131
DA:152,19
DA:153,124
DA:155,55
DA:156,77
DA:157,46
DA:159,44
DA:161,60
DA:162,42
DA:164,69
DA:168,19
DA:169,61
DA:170,38
DA:172,136
DA:173,24
DA:175,30
DA:176,38
DA:178,31
DA:179,38
DA:181,22
DA:184,92
DA:185,34
DA:187,15
DA:188,37
DA:189,40
DA:191,37
DA:192,92
DA:194,43
DA:195,18
DA:196,20
DA:197,20
DA:200,19
DA:201,38
DA:202,2
DA:204,64
DA:205,30
DA:206,100
DA:208,25
DA:209,44
DA:211,107
DA:214,14
DA:215,26
DA:216,38
DA:219,23
DA:220,23
DA:221,36
DA:222,21
DA:223,9
DA:225,48
DA:227,50
DA:232,16
DA:233,70
DA:236,16
DA:237,31
DA:240,16
DA:241,31
DA:244,16
DA:245,46
DA:248,16
DA:249,57
DA:252,16
DA:253,47
DA:256,0
DA:257,0
DA:258,0
DA:259,0
DA:260,0
DA:261,0
DA:262,0
LF:265
LH:139
end_of_record
TN:
SF:src/timing.ts
FNF:3
FNH:0
DA:1,0
DA:2,1
DA:5,0
DA:6,0
DA:7,0
DA:8,0
DA:9,0
DA:10,0
DA:11,0
DA:12,0
DA:13,0
DA:14,0
DA:15,0
DA:16,0
DA:17,1
DA:20,0
DA:21,0
DA:22,0
DA:23,0
DA:24,0
LF:28
LH:2
end_of_record
TN:
SF:src/tools/ColorConverter.ts
FNF:13
FNH:9
DA:9,34
DA:11,173
DA:14,75
DA:15,37
DA:17,60
DA:19,90
DA:21,65
DA:22,94
DA:23,94
DA:24,94
DA:25,107
DA:27,87
DA:28,5
DA:30,61
DA:31,56
DA:33,80
DA:34,80
DA:35,80
DA:36,125
DA:38,149
DA:39,55
DA:41,99
DA:44,34
DA:45,54
DA:47,19
DA:48,119
DA:50,161
DA:53,42
DA:54,56
DA:55,22
DA:57,82
DA:58,43
DA:59,64
DA:60,132
DA:62,70
DA:65,53
DA:70,34
DA:71,44
DA:73,22
DA:74,22
DA:75,22
DA:77,64
DA:78,64
DA:79,24
DA:80,24
DA:81,56
DA:83,43
DA:84,48
DA:86,112
DA:88,39
DA:89,72
DA:90,49
DA:91,47
DA:92,67
DA:94,18
DA:95,5
DA:97,143
DA:103,0
DA:104,0
DA:105,0
DA:106,0
DA:107,0
DA:108,29
DA:117,1
DA:119,55
DA:120,30
DA:121,30
DA:122,30
DA:123,44
DA:129,42
DA:130,53
DA:131,86
DA:133,61
DA:134,9
DA:136,53
DA:137,69
DA:138,70
DA:140,63
DA:141,7
DA:143,35
DA:145,33
DA:146,9
DA:148,53
DA:149,42
DA:151,65
DA:152,47
DA:155,49
DA:157,84
DA:159,61
DA:160,5
DA:162,39
DA:173,26
DA:174,51
DA:175,28
DA:176,74
DA:178,15
DA:179,56
DA:181,28
DA:182,94
DA:184,15
DA:185,66
DA:187,28
DA:188,94
DA:190,15
DA:191,77
DA:193,43
DA:201,0
DA:202,0
DA:203,0
DA:204,0
DA:205,0
DA:206,50
DA:213,0
DA:214,0
DA:215,0
DA:216,0
DA:217,0
DA:218,45
DA:224,0
DA:225,0
DA:226,0
DA:227,0
DA:228,0
DA:229,0
DA:230,0
DA:231,0
DA:232,67
DA:234,1
LF:235
LH:105
end_of_record
TN:
SF:src/tools/Faker.ts
FNF:18
FNH:9
DA:1,73
DA:2,82
DA:3,76
DA:4,74
DA:6,428
DA:8,408
DA:9,400
DA:11,366
DA:12,348
DA:14,132
DA:15,128
DA:17,56
DA:18,26
DA:19,141
DA:20,113
DA:21,92
DA:23,118
DA:24,29
DA:25,139
DA:26,113
DA:27,94
DA:28,243
DA:30,72
DA:31,31
DA:32,131
DA:33,199
DA:34,22
DA:36,24
DA:37,0
DA:38,0
DA:39,0
DA:40,0
DA:41,0
DA:42,0
DA:43,0
DA:44,0
DA:45,0
DA:46,0
DA:47,104
DA:49,0
DA:50,0
DA:51,0
DA:52,56
DA:54,0
DA:55,0
DA:56,0
DA:57,32
DA:59,22
DA:61,24
DA:62,66
DA:63,87
DA:64,63
DA:65,109
DA:66,22
DA:68,32
DA:69,0
DA:70,111
DA:72,22
DA:74,32
DA:75,73
DA:76,113
DA:77,90
DA:78,85
DA:80,50
DA:81,12
DA:83,6
DA:84,1
LF:85
LH:50
end_of_record
TN:
SF:src/tools/UnitConverter.ts
FNF:7
FNH:0
DA:14,41
DA:16,0
DA:17,0
DA:18,0
DA:19,0
DA:20,0
DA:21,0
DA:22,0
DA:23,0
DA:24,0
DA:25,0
DA:26,0
DA:27,0
DA:28,0
DA:29,0
DA:30,0
DA:31,0
DA:32,0
DA:33,0
DA:34,0
DA:35,0
DA:36,0
DA:37,0
DA:38,0
DA:39,0
DA:40,0
DA:41,0
DA:42,0
DA:43,0
DA:44,0
DA:45,0
DA:46,0
DA:47,0
DA:48,0
DA:49,0
DA:50,0
DA:51,0
DA:52,0
DA:53,0
DA:54,0
DA:55,0
DA:56,0
DA:57,0
DA:58,0
DA:59,0
DA:60,0
DA:61,0
DA:62,0
DA:63,0
DA:64,0
DA:65,0
DA:66,0
DA:67,0
DA:68,0
DA:69,0
DA:70,0
DA:71,0
DA:72,0
DA:73,0
DA:74,0
DA:75,0
DA:76,0
DA:77,0
DA:78,0
DA:79,0
DA:80,0
DA:81,0
DA:82,0
DA:83,0
DA:84,0
DA:85,0
DA:86,0
DA:87,0
DA:88,0
DA:89,0
DA:90,0
DA:91,0
DA:92,0
DA:93,0
DA:94,0
DA:95,0
DA:96,0
DA:97,0
DA:98,0
DA:99,0
DA:100,0
DA:101,0
DA:102,0
DA:103,0
DA:104,0
DA:105,0
DA:106,0
DA:107,0
DA:108,0
DA:109,0
DA:110,0
DA:111,0
DA:112,0
DA:113,0
DA:114,0
DA:115,0
DA:116,0
DA:117,0
DA:118,0
DA:119,0
DA:120,0
DA:121,22
DA:124,42
DA:129,7
DA:131,0
DA:132,0
DA:133,0
DA:134,0
DA:135,0
DA:136,0
DA:137,0
DA:138,0
DA:139,0
DA:140,0
DA:141,0
DA:142,0
DA:143,0
DA:144,0
DA:145,0
DA:146,0
DA:147,0
DA:148,0
DA:149,0
DA:150,0
DA:151,0
DA:152,0
DA:153,0
DA:154,0
DA:155,25
DA:163,0
DA:164,0
DA:165,0
DA:166,0
DA:167,4
DA:170,0
DA:171,0
DA:172,0
DA:173,0
DA:174,0
DA:175,0
DA:176,0
DA:177,20
DA:183,1
DA:185,0
DA:186,0
DA:187,0
DA:188,78
DA:191,0
DA:192,50
DA:195,0
DA:196,65
DA:198,2
LF:199
LH:12
end_of_record
TN:
SF:src/tools/colors.ts
FNF:7
FNH:1
DA:2,48
DA:14,14
DA:15,14
DA:16,21
DA:18,19
DA:19,16
DA:20,16
DA:21,15
DA:22,18
DA:23,21
DA:24,19
DA:25,18
DA:26,25
DA:28,18
DA:29,16
DA:30,18
DA:31,19
DA:32,17
DA:33,20
DA:34,17
DA:35,18
DA:36,17
DA:37,17
DA:39,24
DA:40,22
DA:41,24
DA:42,25
DA:43,23
DA:44,26
DA:45,23
DA:46,24
DA:48,20
DA:49,18
DA:50,20
DA:51,21
DA:52,19
DA:53,22
DA:54,19
DA:55,20
DA:57,27
DA:58,25
DA:59,27
DA:60,28
DA:61,26
DA:62,29
DA:63,26
DA:64,27
DA:66,7
DA:67,0
DA:68,0
DA:69,0
DA:70,3
DA:73,9
DA:74,1
DA:76,0
DA:77,0
DA:78,0
DA:79,0
DA:80,0
DA:81,0
DA:82,0
DA:83,0
DA:84,0
DA:85,0
DA:86,0
DA:90,17
DA:91,13
DA:93,25
DA:94,0
DA:95,0
DA:96,0
DA:97,0
DA:98,0
DA:99,0
DA:100,0
DA:101,0
DA:102,0
DA:103,2
DA:105,3
DA:108,33
LF:109
LH:57
end_of_record
TN:
SF:src/unit.ts
FNF:11
FNH:0
DA:10,0
DA:11,0
DA:12,0
DA:13,0
DA:14,0
DA:15,0
DA:16,0
DA:17,0
DA:18,0
DA:19,0
DA:20,0
DA:21,0
DA:22,0
DA:23,0
DA:24,0
DA:25,0
DA:26,0
DA:27,0
DA:28,1
DA:31,0
DA:32,1
DA:35,0
DA:36,1
DA:39,0
DA:40,1
DA:43,0
DA:44,0
DA:45,0
DA:46,0
DA:47,0
DA:48,0
DA:49,0
DA:50,0
DA:51,0
DA:52,0
DA:53,0
DA:54,0
DA:58,0
DA:59,0
DA:60,0
DA:61,0
DA:62,0
DA:63,0
DA:67,0
DA:68,0
DA:69,0
DA:70,0
DA:71,0
DA:72,0
DA:73,0
DA:74,0
DA:75,0
DA:76,0
DA:77,1
DA:80,0
DA:81,0
DA:82,0
DA:83,0
DA:84,0
DA:85,0
DA:86,0
DA:87,0
DA:88,0
DA:89,0
DA:90,0
DA:91,0
DA:92,0
DA:93,0
DA:94,0
DA:95,0
DA:96,0
DA:97,0
DA:98,0
DA:99,0
DA:103,0
DA:104,0
DA:105,0
DA:106,0
DA:110,0
DA:111,0
DA:112,0
DA:113,0
DA:114,0
DA:115,0
DA:116,0
DA:117,0
DA:118,0
DA:119,0
DA:120,0
DA:121,0
DA:122,0
DA:123,0
DA:124,0
DA:125,1
DA:128,0
LF:131
LH:6
end_of_record
TN:
SF:src/url.ts
FNF:2
FNH:2
DA:1,37
DA:3,16
DA:4,22
DA:5,48
DA:6,29
DA:7,37
DA:9,12
DA:10,15
DA:11,4
DA:13,31
LF:15
LH:10
end_of_record
TN:
SF:types/discord.ts
FNF:0
FNH:0
LF:94
LH:0
end_of_record
TN:
SF:types/index.ts
FNF:1
FNH:1
DA:1,26
DA:2,24
DA:3,23
LF:4
LH:3
end_of_record
TN:
SF:types/input.ts
FNF:0
FNH:0
LF:193
LH:0
end_of_record
TN:
SF:types/types.ts
FNF:0
FNH:0
LF:66
LH:0
end_of_record
